time="2024-08-22T18:19:08+02:00" level=warning msg="/opt/stacks/docker-compose-kubernetes/docker-compose.yml: the attribute `version` is obsolete, it will be ignored, please remove it to avoid potential confusion"
kube-scheduler-1  | 2024/08/22 16:18:53 Running command:
kube-scheduler-1  | Command env: (log-file=, also-stdout=false, redirect-stderr=true)
kube-scheduler-1  | Run from directory: 
kube-scheduler-1  | Executable path: /usr/local/bin/kube-scheduler
kube-scheduler-1  | Args (comma-delimited): kube-scheduler,--bind-address=0.0.0.0,--kubeconfig=/etc/kubernetes/scheduler.conf,--leader-elect=true
kube-scheduler-1  | 2024/08/22 16:18:53 Now listening for interrupts
kube-scheduler-1  | I0822 16:18:54.273649      11 serving.go:348] Generated self-signed cert in-memory
kube-scheduler-1  | W0822 16:18:54.876167      11 authentication.go:317] No authentication-kubeconfig provided in order to lookup client-ca-file in configmap/extension-apiserver-authentication in kube-system, so client certificate authentication won't work.
kube-scheduler-1  | W0822 16:18:54.876182      11 authentication.go:341] No authentication-kubeconfig provided in order to lookup requestheader-client-ca-file in configmap/extension-apiserver-authentication in kube-system, so request-header client certificate authentication won't work.
kube-scheduler-1  | W0822 16:18:54.876194      11 authorization.go:194] No authorization-kubeconfig provided, so SubjectAccessReview of authorization tokens won't work.
kube-scheduler-1  | I0822 16:18:54.878997      11 server.go:148] "Starting Kubernetes Scheduler" version="v1.25.7"
kube-scheduler-1  | I0822 16:18:54.879010      11 server.go:150] "Golang settings" GOGC="" GOMAXPROCS="" GOTRACEBACK=""
kube-scheduler-1  | I0822 16:18:54.880089      11 secure_serving.go:210] Serving securely on [::]:10259
kube-scheduler-1  | I0822 16:18:54.880132      11 tlsconfig.go:240] "Starting DynamicServingCertificateController"
kube-scheduler-1  | W0822 16:18:54.880690      11 reflector.go:424] vendor/k8s.io/client-go/informers/factory.go:134: failed to list *v1.PersistentVolumeClaim: Get "https://localhost:6443/api/v1/persistentvolumeclaims?limit=500&resourceVersion=0": dial tcp [::1]:6443: connect: connection refused
kube-scheduler-1  | E0822 16:18:54.880743      11 reflector.go:140] vendor/k8s.io/client-go/informers/factory.go:134: Failed to watch *v1.PersistentVolumeClaim: failed to list *v1.PersistentVolumeClaim: Get "https://localhost:6443/api/v1/persistentvolumeclaims?limit=500&resourceVersion=0": dial tcp [::1]:6443: connect: connection refused
kube-scheduler-1  | W0822 16:18:54.880771      11 reflector.go:424] vendor/k8s.io/client-go/informers/factory.go:134: failed to list *v1.PersistentVolume: Get "https://localhost:6443/api/v1/persistentvolumes?limit=500&resourceVersion=0": dial tcp [::1]:6443: connect: connection refused
kube-scheduler-1  | E0822 16:18:54.880846      11 reflector.go:140] vendor/k8s.io/client-go/informers/factory.go:134: Failed to watch *v1.PersistentVolume: failed to list *v1.PersistentVolume: Get "https://localhost:6443/api/v1/persistentvolumes?limit=500&resourceVersion=0": dial tcp [::1]:6443: connect: connection refused
kube-scheduler-1  | W0822 16:18:54.880841      11 reflector.go:424] vendor/k8s.io/client-go/informers/factory.go:134: failed to list *v1.CSIStorageCapacity: Get "https://localhost:6443/apis/storage.k8s.io/v1/csistoragecapacities?limit=500&resourceVersion=0": dial tcp [::1]:6443: connect: connection refused
kube-scheduler-1  | W0822 16:18:54.880779      11 reflector.go:424] vendor/k8s.io/client-go/informers/factory.go:134: failed to list *v1.Node: Get "https://localhost:6443/api/v1/nodes?limit=500&resourceVersion=0": dial tcp [::1]:6443: connect: connection refused
kube-scheduler-1  | E0822 16:18:54.880872      11 reflector.go:140] vendor/k8s.io/client-go/informers/factory.go:134: Failed to watch *v1.CSIStorageCapacity: failed to list *v1.CSIStorageCapacity: Get "https://localhost:6443/apis/storage.k8s.io/v1/csistoragecapacities?limit=500&resourceVersion=0": dial tcp [::1]:6443: connect: connection refused
kube-scheduler-1  | E0822 16:18:54.880887      11 reflector.go:140] vendor/k8s.io/client-go/informers/factory.go:134: Failed to watch *v1.Node: failed to list *v1.Node: Get "https://localhost:6443/api/v1/nodes?limit=500&resourceVersion=0": dial tcp [::1]:6443: connect: connection refused
kube-scheduler-1  | W0822 16:18:54.880880      11 reflector.go:424] vendor/k8s.io/client-go/informers/factory.go:134: failed to list *v1.Pod: Get "https://localhost:6443/api/v1/pods?fieldSelector=status.phase%21%3DSucceeded%2Cstatus.phase%21%3DFailed&limit=500&resourceVersion=0": dial tcp [::1]:6443: connect: connection refused
kube-scheduler-1  | E0822 16:18:54.880917      11 reflector.go:140] vendor/k8s.io/client-go/informers/factory.go:134: Failed to watch *v1.Pod: failed to list *v1.Pod: Get "https://localhost:6443/api/v1/pods?fieldSelector=status.phase%21%3DSucceeded%2Cstatus.phase%21%3DFailed&limit=500&resourceVersion=0": dial tcp [::1]:6443: connect: connection refused
kube-scheduler-1  | W0822 16:18:54.880964      11 reflector.go:424] vendor/k8s.io/client-go/informers/factory.go:134: failed to list *v1.Service: Get "https://localhost:6443/api/v1/services?limit=500&resourceVersion=0": dial tcp [::1]:6443: connect: connection refused
kube-scheduler-1  | W0822 16:18:54.880970      11 reflector.go:424] vendor/k8s.io/client-go/informers/factory.go:134: failed to list *v1.CSIDriver: Get "https://localhost:6443/apis/storage.k8s.io/v1/csidrivers?limit=500&resourceVersion=0": dial tcp [::1]:6443: connect: connection refused
kube-scheduler-1  | E0822 16:18:54.880997      11 reflector.go:140] vendor/k8s.io/client-go/informers/factory.go:134: Failed to watch *v1.Service: failed to list *v1.Service: Get "https://localhost:6443/api/v1/services?limit=500&resourceVersion=0": dial tcp [::1]:6443: connect: connection refused
kube-scheduler-1  | W0822 16:18:54.880987      11 reflector.go:424] vendor/k8s.io/client-go/informers/factory.go:134: failed to list *v1.ReplicationController: Get "https://localhost:6443/api/v1/replicationcontrollers?limit=500&resourceVersion=0": dial tcp [::1]:6443: connect: connection refused
kube-scheduler-1  | E0822 16:18:54.880999      11 reflector.go:140] vendor/k8s.io/client-go/informers/factory.go:134: Failed to watch *v1.CSIDriver: failed to list *v1.CSIDriver: Get "https://localhost:6443/apis/storage.k8s.io/v1/csidrivers?limit=500&resourceVersion=0": dial tcp [::1]:6443: connect: connection refused
kube-scheduler-1  | E0822 16:18:54.881011      11 reflector.go:140] vendor/k8s.io/client-go/informers/factory.go:134: Failed to watch *v1.ReplicationController: failed to list *v1.ReplicationController: Get "https://localhost:6443/api/v1/replicationcontrollers?limit=500&resourceVersion=0": dial tcp [::1]:6443: connect: connection refused
kube-scheduler-1  | W0822 16:18:54.881053      11 reflector.go:424] vendor/k8s.io/client-go/informers/factory.go:134: failed to list *v1.PodDisruptionBudget: Get "https://localhost:6443/apis/policy/v1/poddisruptionbudgets?limit=500&resourceVersion=0": dial tcp [::1]:6443: connect: connection refused
kube-scheduler-1  | E0822 16:18:54.881087      11 reflector.go:140] vendor/k8s.io/client-go/informers/factory.go:134: Failed to watch *v1.PodDisruptionBudget: failed to list *v1.PodDisruptionBudget: Get "https://localhost:6443/apis/policy/v1/poddisruptionbudgets?limit=500&resourceVersion=0": dial tcp [::1]:6443: connect: connection refused
kube-scheduler-1  | W0822 16:18:54.881075      11 reflector.go:424] vendor/k8s.io/client-go/informers/factory.go:134: failed to list *v1.Namespace: Get "https://localhost:6443/api/v1/namespaces?limit=500&resourceVersion=0": dial tcp [::1]:6443: connect: connection refused
kube-scheduler-1  | W0822 16:18:54.881090      11 reflector.go:424] vendor/k8s.io/client-go/informers/factory.go:134: failed to list *v1.ReplicaSet: Get "https://localhost:6443/apis/apps/v1/replicasets?limit=500&resourceVersion=0": dial tcp [::1]:6443: connect: connection refused
kube-scheduler-1  | E0822 16:18:54.881107      11 reflector.go:140] vendor/k8s.io/client-go/informers/factory.go:134: Failed to watch *v1.Namespace: failed to list *v1.Namespace: Get "https://localhost:6443/api/v1/namespaces?limit=500&resourceVersion=0": dial tcp [::1]:6443: connect: connection refused
kube-scheduler-1  | W0822 16:18:54.881095      11 reflector.go:424] vendor/k8s.io/client-go/informers/factory.go:134: failed to list *v1.StatefulSet: Get "https://localhost:6443/apis/apps/v1/statefulsets?limit=500&resourceVersion=0": dial tcp [::1]:6443: connect: connection refused
kube-scheduler-1  | W0822 16:18:54.881084      11 reflector.go:424] vendor/k8s.io/client-go/informers/factory.go:134: failed to list *v1.StorageClass: Get "https://localhost:6443/apis/storage.k8s.io/v1/storageclasses?limit=500&resourceVersion=0": dial tcp [::1]:6443: connect: connection refused
kube-scheduler-1  | E0822 16:18:54.881123      11 reflector.go:140] vendor/k8s.io/client-go/informers/factory.go:134: Failed to watch *v1.StatefulSet: failed to list *v1.StatefulSet: Get "https://localhost:6443/apis/apps/v1/statefulsets?limit=500&resourceVersion=0": dial tcp [::1]:6443: connect: connection refused
kube-scheduler-1  | E0822 16:18:54.881124      11 reflector.go:140] vendor/k8s.io/client-go/informers/factory.go:134: Failed to watch *v1.ReplicaSet: failed to list *v1.ReplicaSet: Get "https://localhost:6443/apis/apps/v1/replicasets?limit=500&resourceVersion=0": dial tcp [::1]:6443: connect: connection refused
kube-scheduler-1  | E0822 16:18:54.881138      11 reflector.go:140] vendor/k8s.io/client-go/informers/factory.go:134: Failed to watch *v1.StorageClass: failed to list *v1.StorageClass: Get "https://localhost:6443/apis/storage.k8s.io/v1/storageclasses?limit=500&resourceVersion=0": dial tcp [::1]:6443: connect: connection refused
kube-scheduler-1  | W0822 16:18:54.881349      11 reflector.go:424] vendor/k8s.io/client-go/informers/factory.go:134: failed to list *v1.CSINode: Get "https://localhost:6443/apis/storage.k8s.io/v1/csinodes?limit=500&resourceVersion=0": dial tcp [::1]:6443: connect: connection refused
kube-scheduler-1  | E0822 16:18:54.881377      11 reflector.go:140] vendor/k8s.io/client-go/informers/factory.go:134: Failed to watch *v1.CSINode: failed to list *v1.CSINode: Get "https://localhost:6443/apis/storage.k8s.io/v1/csinodes?limit=500&resourceVersion=0": dial tcp [::1]:6443: connect: connection refused
kube-scheduler-1  | W0822 16:18:55.701237      11 reflector.go:424] vendor/k8s.io/client-go/informers/factory.go:134: failed to list *v1.CSIDriver: Get "https://localhost:6443/apis/storage.k8s.io/v1/csidrivers?limit=500&resourceVersion=0": dial tcp [::1]:6443: connect: connection refused
kube-scheduler-1  | E0822 16:18:55.701357      11 reflector.go:140] vendor/k8s.io/client-go/informers/factory.go:134: Failed to watch *v1.CSIDriver: failed to list *v1.CSIDriver: Get "https://localhost:6443/apis/storage.k8s.io/v1/csidrivers?limit=500&resourceVersion=0": dial tcp [::1]:6443: connect: connection refused
kube-scheduler-1  | W0822 16:18:55.779104      11 reflector.go:424] vendor/k8s.io/client-go/informers/factory.go:134: failed to list *v1.StorageClass: Get "https://localhost:6443/apis/storage.k8s.io/v1/storageclasses?limit=500&resourceVersion=0": dial tcp [::1]:6443: connect: connection refused
kube-scheduler-1  | E0822 16:18:55.779174      11 reflector.go:140] vendor/k8s.io/client-go/informers/factory.go:134: Failed to watch *v1.StorageClass: failed to list *v1.StorageClass: Get "https://localhost:6443/apis/storage.k8s.io/v1/storageclasses?limit=500&resourceVersion=0": dial tcp [::1]:6443: connect: connection refused
kube-scheduler-1  | W0822 16:18:55.822220      11 reflector.go:424] vendor/k8s.io/client-go/informers/factory.go:134: failed to list *v1.CSINode: Get "https://localhost:6443/apis/storage.k8s.io/v1/csinodes?limit=500&resourceVersion=0": dial tcp [::1]:6443: connect: connection refused
kube-scheduler-1  | E0822 16:18:55.822290      11 reflector.go:140] vendor/k8s.io/client-go/informers/factory.go:134: Failed to watch *v1.CSINode: failed to list *v1.CSINode: Get "https://localhost:6443/apis/storage.k8s.io/v1/csinodes?limit=500&resourceVersion=0": dial tcp [::1]:6443: connect: connection refused
kube-scheduler-1  | W0822 16:18:56.126769      11 reflector.go:424] vendor/k8s.io/client-go/informers/factory.go:134: failed to list *v1.ReplicationController: Get "https://localhost:6443/api/v1/replicationcontrollers?limit=500&resourceVersion=0": dial tcp [::1]:6443: connect: connection refused
kube-scheduler-1  | E0822 16:18:56.126812      11 reflector.go:140] vendor/k8s.io/client-go/informers/factory.go:134: Failed to watch *v1.ReplicationController: failed to list *v1.ReplicationController: Get "https://localhost:6443/api/v1/replicationcontrollers?limit=500&resourceVersion=0": dial tcp [::1]:6443: connect: connection refused
kube-scheduler-1  | W0822 16:18:56.185024      11 reflector.go:424] vendor/k8s.io/client-go/informers/factory.go:134: failed to list *v1.CSIStorageCapacity: Get "https://localhost:6443/apis/storage.k8s.io/v1/csistoragecapacities?limit=500&resourceVersion=0": dial tcp [::1]:6443: connect: connection refused
kube-scheduler-1  | E0822 16:18:56.185095      11 reflector.go:140] vendor/k8s.io/client-go/informers/factory.go:134: Failed to watch *v1.CSIStorageCapacity: failed to list *v1.CSIStorageCapacity: Get "https://localhost:6443/apis/storage.k8s.io/v1/csistoragecapacities?limit=500&resourceVersion=0": dial tcp [::1]:6443: connect: connection refused
kube-scheduler-1  | W0822 16:18:56.255819      11 reflector.go:424] vendor/k8s.io/client-go/informers/factory.go:134: failed to list *v1.PersistentVolume: Get "https://localhost:6443/api/v1/persistentvolumes?limit=500&resourceVersion=0": dial tcp [::1]:6443: connect: connection refused
kube-scheduler-1  | E0822 16:18:56.255923      11 reflector.go:140] vendor/k8s.io/client-go/informers/factory.go:134: Failed to watch *v1.PersistentVolume: failed to list *v1.PersistentVolume: Get "https://localhost:6443/api/v1/persistentvolumes?limit=500&resourceVersion=0": dial tcp [::1]:6443: connect: connection refused
kube-scheduler-1  | W0822 16:18:56.308982      11 reflector.go:424] vendor/k8s.io/client-go/informers/factory.go:134: failed to list *v1.Pod: Get "https://localhost:6443/api/v1/pods?fieldSelector=status.phase%21%3DSucceeded%2Cstatus.phase%21%3DFailed&limit=500&resourceVersion=0": dial tcp [::1]:6443: connect: connection refused
kube-scheduler-1  | E0822 16:18:56.309062      11 reflector.go:140] vendor/k8s.io/client-go/informers/factory.go:134: Failed to watch *v1.Pod: failed to list *v1.Pod: Get "https://localhost:6443/api/v1/pods?fieldSelector=status.phase%21%3DSucceeded%2Cstatus.phase%21%3DFailed&limit=500&resourceVersion=0": dial tcp [::1]:6443: connect: connection refused
kube-scheduler-1  | W0822 16:18:56.343702      11 reflector.go:424] vendor/k8s.io/client-go/informers/factory.go:134: failed to list *v1.Service: Get "https://localhost:6443/api/v1/services?limit=500&resourceVersion=0": dial tcp [::1]:6443: connect: connection refused
kube-scheduler-1  | E0822 16:18:56.343795      11 reflector.go:140] vendor/k8s.io/client-go/informers/factory.go:134: Failed to watch *v1.Service: failed to list *v1.Service: Get "https://localhost:6443/api/v1/services?limit=500&resourceVersion=0": dial tcp [::1]:6443: connect: connection refused
kube-scheduler-1  | W0822 16:18:56.368468      11 reflector.go:424] vendor/k8s.io/client-go/informers/factory.go:134: failed to list *v1.PodDisruptionBudget: Get "https://localhost:6443/apis/policy/v1/poddisruptionbudgets?limit=500&resourceVersion=0": dial tcp [::1]:6443: connect: connection refused
kube-scheduler-1  | E0822 16:18:56.368558      11 reflector.go:140] vendor/k8s.io/client-go/informers/factory.go:134: Failed to watch *v1.PodDisruptionBudget: failed to list *v1.PodDisruptionBudget: Get "https://localhost:6443/apis/policy/v1/poddisruptionbudgets?limit=500&resourceVersion=0": dial tcp [::1]:6443: connect: connection refused
kube-scheduler-1  | W0822 16:18:56.368683      11 reflector.go:424] vendor/k8s.io/client-go/informers/factory.go:134: failed to list *v1.Namespace: Get "https://localhost:6443/api/v1/namespaces?limit=500&resourceVersion=0": dial tcp [::1]:6443: connect: connection refused
kube-scheduler-1  | E0822 16:18:56.368778      11 reflector.go:140] vendor/k8s.io/client-go/informers/factory.go:134: Failed to watch *v1.Namespace: failed to list *v1.Namespace: Get "https://localhost:6443/api/v1/namespaces?limit=500&resourceVersion=0": dial tcp [::1]:6443: connect: connection refused
kube-scheduler-1  | W0822 16:18:56.378004      11 reflector.go:424] vendor/k8s.io/client-go/informers/factory.go:134: failed to list *v1.ReplicaSet: Get "https://localhost:6443/apis/apps/v1/replicasets?limit=500&resourceVersion=0": dial tcp [::1]:6443: connect: connection refused
kube-scheduler-1  | E0822 16:18:56.378108      11 reflector.go:140] vendor/k8s.io/client-go/informers/factory.go:134: Failed to watch *v1.ReplicaSet: failed to list *v1.ReplicaSet: Get "https://localhost:6443/apis/apps/v1/replicasets?limit=500&resourceVersion=0": dial tcp [::1]:6443: connect: connection refused
kube-scheduler-1  | W0822 16:18:56.439024      11 reflector.go:424] vendor/k8s.io/client-go/informers/factory.go:134: failed to list *v1.PersistentVolumeClaim: Get "https://localhost:6443/api/v1/persistentvolumeclaims?limit=500&resourceVersion=0": dial tcp [::1]:6443: connect: connection refused
kube-scheduler-1  | E0822 16:18:56.439094      11 reflector.go:140] vendor/k8s.io/client-go/informers/factory.go:134: Failed to watch *v1.PersistentVolumeClaim: failed to list *v1.PersistentVolumeClaim: Get "https://localhost:6443/api/v1/persistentvolumeclaims?limit=500&resourceVersion=0": dial tcp [::1]:6443: connect: connection refused
kube-scheduler-1  | W0822 16:18:56.444443      11 reflector.go:424] vendor/k8s.io/client-go/informers/factory.go:134: failed to list *v1.StatefulSet: Get "https://localhost:6443/apis/apps/v1/statefulsets?limit=500&resourceVersion=0": dial tcp [::1]:6443: connect: connection refused
kube-scheduler-1  | E0822 16:18:56.444531      11 reflector.go:140] vendor/k8s.io/client-go/informers/factory.go:134: Failed to watch *v1.StatefulSet: failed to list *v1.StatefulSet: Get "https://localhost:6443/apis/apps/v1/statefulsets?limit=500&resourceVersion=0": dial tcp [::1]:6443: connect: connection refused
kube-scheduler-1  | W0822 16:18:56.481256      11 reflector.go:424] vendor/k8s.io/client-go/informers/factory.go:134: failed to list *v1.Node: Get "https://localhost:6443/api/v1/nodes?limit=500&resourceVersion=0": dial tcp [::1]:6443: connect: connection refused
kube-scheduler-1  | E0822 16:18:56.481332      11 reflector.go:140] vendor/k8s.io/client-go/informers/factory.go:134: Failed to watch *v1.Node: failed to list *v1.Node: Get "https://localhost:6443/api/v1/nodes?limit=500&resourceVersion=0": dial tcp [::1]:6443: connect: connection refused
kube-scheduler-1  | W0822 16:18:57.455941      11 reflector.go:424] vendor/k8s.io/client-go/informers/factory.go:134: failed to list *v1.StorageClass: Get "https://localhost:6443/apis/storage.k8s.io/v1/storageclasses?limit=500&resourceVersion=0": dial tcp [::1]:6443: connect: connection refused
kube-scheduler-1  | E0822 16:18:57.456053      11 reflector.go:140] vendor/k8s.io/client-go/informers/factory.go:134: Failed to watch *v1.StorageClass: failed to list *v1.StorageClass: Get "https://localhost:6443/apis/storage.k8s.io/v1/storageclasses?limit=500&resourceVersion=0": dial tcp [::1]:6443: connect: connection refused
kube-scheduler-1  | W0822 16:18:58.058054      11 reflector.go:424] vendor/k8s.io/client-go/informers/factory.go:134: failed to list *v1.PersistentVolume: Get "https://localhost:6443/api/v1/persistentvolumes?limit=500&resourceVersion=0": dial tcp [::1]:6443: connect: connection refused
kube-scheduler-1  | E0822 16:18:58.058126      11 reflector.go:140] vendor/k8s.io/client-go/informers/factory.go:134: Failed to watch *v1.PersistentVolume: failed to list *v1.PersistentVolume: Get "https://localhost:6443/api/v1/persistentvolumes?limit=500&resourceVersion=0": dial tcp [::1]:6443: connect: connection refused
kube-scheduler-1  | W0822 16:18:58.280820      11 reflector.go:424] vendor/k8s.io/client-go/informers/factory.go:134: failed to list *v1.CSIStorageCapacity: Get "https://localhost:6443/apis/storage.k8s.io/v1/csistoragecapacities?limit=500&resourceVersion=0": dial tcp [::1]:6443: connect: connection refused
kube-scheduler-1  | E0822 16:18:58.280897      11 reflector.go:140] vendor/k8s.io/client-go/informers/factory.go:134: Failed to watch *v1.CSIStorageCapacity: failed to list *v1.CSIStorageCapacity: Get "https://localhost:6443/apis/storage.k8s.io/v1/csistoragecapacities?limit=500&resourceVersion=0": dial tcp [::1]:6443: connect: connection refused
kube-scheduler-1  | W0822 16:18:58.354623      11 reflector.go:424] vendor/k8s.io/client-go/informers/factory.go:134: failed to list *v1.Service: Get "https://localhost:6443/api/v1/services?limit=500&resourceVersion=0": dial tcp [::1]:6443: connect: connection refused
kube-scheduler-1  | E0822 16:18:58.354701      11 reflector.go:140] vendor/k8s.io/client-go/informers/factory.go:134: Failed to watch *v1.Service: failed to list *v1.Service: Get "https://localhost:6443/api/v1/services?limit=500&resourceVersion=0": dial tcp [::1]:6443: connect: connection refused
kube-scheduler-1  | W0822 16:18:58.433095      11 reflector.go:424] vendor/k8s.io/client-go/informers/factory.go:134: failed to list *v1.StatefulSet: Get "https://localhost:6443/apis/apps/v1/statefulsets?limit=500&resourceVersion=0": dial tcp [::1]:6443: connect: connection refused
kube-scheduler-1  | E0822 16:18:58.433180      11 reflector.go:140] vendor/k8s.io/client-go/informers/factory.go:134: Failed to watch *v1.StatefulSet: failed to list *v1.StatefulSet: Get "https://localhost:6443/apis/apps/v1/statefulsets?limit=500&resourceVersion=0": dial tcp [::1]:6443: connect: connection refused
kube-scheduler-1  | W0822 16:18:58.470699      11 reflector.go:424] vendor/k8s.io/client-go/informers/factory.go:134: failed to list *v1.Node: Get "https://localhost:6443/api/v1/nodes?limit=500&resourceVersion=0": dial tcp [::1]:6443: connect: connection refused
kube-scheduler-1  | E0822 16:18:58.470767      11 reflector.go:140] vendor/k8s.io/client-go/informers/factory.go:134: Failed to watch *v1.Node: failed to list *v1.Node: Get "https://localhost:6443/api/v1/nodes?limit=500&resourceVersion=0": dial tcp [::1]:6443: connect: connection refused
kube-scheduler-1  | W0822 16:18:58.662256      11 reflector.go:424] vendor/k8s.io/client-go/informers/factory.go:134: failed to list *v1.ReplicationController: Get "https://localhost:6443/api/v1/replicationcontrollers?limit=500&resourceVersion=0": dial tcp [::1]:6443: connect: connection refused
kube-scheduler-1  | E0822 16:18:58.662332      11 reflector.go:140] vendor/k8s.io/client-go/informers/factory.go:134: Failed to watch *v1.ReplicationController: failed to list *v1.ReplicationController: Get "https://localhost:6443/api/v1/replicationcontrollers?limit=500&resourceVersion=0": dial tcp [::1]:6443: connect: connection refused
kube-scheduler-1  | W0822 16:18:58.695233      11 reflector.go:424] vendor/k8s.io/client-go/informers/factory.go:134: failed to list *v1.CSIDriver: Get "https://localhost:6443/apis/storage.k8s.io/v1/csidrivers?limit=500&resourceVersion=0": dial tcp [::1]:6443: connect: connection refused
kube-scheduler-1  | E0822 16:18:58.695310      11 reflector.go:140] vendor/k8s.io/client-go/informers/factory.go:134: Failed to watch *v1.CSIDriver: failed to list *v1.CSIDriver: Get "https://localhost:6443/apis/storage.k8s.io/v1/csidrivers?limit=500&resourceVersion=0": dial tcp [::1]:6443: connect: connection refused
kube-scheduler-1  | W0822 16:18:58.721345      11 reflector.go:424] vendor/k8s.io/client-go/informers/factory.go:134: failed to list *v1.PersistentVolumeClaim: Get "https://localhost:6443/api/v1/persistentvolumeclaims?limit=500&resourceVersion=0": dial tcp [::1]:6443: connect: connection refused
kube-scheduler-1  | E0822 16:18:58.721368      11 reflector.go:140] vendor/k8s.io/client-go/informers/factory.go:134: Failed to watch *v1.PersistentVolumeClaim: failed to list *v1.PersistentVolumeClaim: Get "https://localhost:6443/api/v1/persistentvolumeclaims?limit=500&resourceVersion=0": dial tcp [::1]:6443: connect: connection refused
kube-scheduler-1  | W0822 16:18:58.736168      11 reflector.go:424] vendor/k8s.io/client-go/informers/factory.go:134: failed to list *v1.CSINode: Get "https://localhost:6443/apis/storage.k8s.io/v1/csinodes?limit=500&resourceVersion=0": dial tcp [::1]:6443: connect: connection refused
kube-scheduler-1  | E0822 16:18:58.736208      11 reflector.go:140] vendor/k8s.io/client-go/informers/factory.go:134: Failed to watch *v1.CSINode: failed to list *v1.CSINode: Get "https://localhost:6443/apis/storage.k8s.io/v1/csinodes?limit=500&resourceVersion=0": dial tcp [::1]:6443: connect: connection refused
kube-scheduler-1  | W0822 16:18:58.765333      11 reflector.go:424] vendor/k8s.io/client-go/informers/factory.go:134: failed to list *v1.PodDisruptionBudget: Get "https://localhost:6443/apis/policy/v1/poddisruptionbudgets?limit=500&resourceVersion=0": dial tcp [::1]:6443: connect: connection refused
kube-scheduler-1  | E0822 16:18:58.765395      11 reflector.go:140] vendor/k8s.io/client-go/informers/factory.go:134: Failed to watch *v1.PodDisruptionBudget: failed to list *v1.PodDisruptionBudget: Get "https://localhost:6443/apis/policy/v1/poddisruptionbudgets?limit=500&resourceVersion=0": dial tcp [::1]:6443: connect: connection refused
kube-scheduler-1  | W0822 16:18:59.024721      11 reflector.go:424] vendor/k8s.io/client-go/informers/factory.go:134: failed to list *v1.Pod: Get "https://localhost:6443/api/v1/pods?fieldSelector=status.phase%21%3DSucceeded%2Cstatus.phase%21%3DFailed&limit=500&resourceVersion=0": dial tcp [::1]:6443: connect: connection refused
kube-scheduler-1  | E0822 16:18:59.024855      11 reflector.go:140] vendor/k8s.io/client-go/informers/factory.go:134: Failed to watch *v1.Pod: failed to list *v1.Pod: Get "https://localhost:6443/api/v1/pods?fieldSelector=status.phase%21%3DSucceeded%2Cstatus.phase%21%3DFailed&limit=500&resourceVersion=0": dial tcp [::1]:6443: connect: connection refused
kube-scheduler-1  | W0822 16:18:59.060713      11 reflector.go:424] vendor/k8s.io/client-go/informers/factory.go:134: failed to list *v1.ReplicaSet: Get "https://localhost:6443/apis/apps/v1/replicasets?limit=500&resourceVersion=0": dial tcp [::1]:6443: connect: connection refused
kube-scheduler-1  | E0822 16:18:59.060827      11 reflector.go:140] vendor/k8s.io/client-go/informers/factory.go:134: Failed to watch *v1.ReplicaSet: failed to list *v1.ReplicaSet: Get "https://localhost:6443/apis/apps/v1/replicasets?limit=500&resourceVersion=0": dial tcp [::1]:6443: connect: connection refused
kube-scheduler-1  | W0822 16:18:59.443471      11 reflector.go:424] vendor/k8s.io/client-go/informers/factory.go:134: failed to list *v1.Namespace: Get "https://localhost:6443/api/v1/namespaces?limit=500&resourceVersion=0": dial tcp [::1]:6443: connect: connection refused
kube-scheduler-1  | E0822 16:18:59.443589      11 reflector.go:140] vendor/k8s.io/client-go/informers/factory.go:134: Failed to watch *v1.Namespace: failed to list *v1.Namespace: Get "https://localhost:6443/api/v1/namespaces?limit=500&resourceVersion=0": dial tcp [::1]:6443: connect: connection refused
kube-scheduler-1  | W0822 16:19:02.023030      11 reflector.go:424] vendor/k8s.io/client-go/informers/factory.go:134: failed to list *v1.PersistentVolumeClaim: Get "https://localhost:6443/api/v1/persistentvolumeclaims?limit=500&resourceVersion=0": dial tcp [::1]:6443: connect: connection refused
kube-scheduler-1  | E0822 16:19:02.023107      11 reflector.go:140] vendor/k8s.io/client-go/informers/factory.go:134: Failed to watch *v1.PersistentVolumeClaim: failed to list *v1.PersistentVolumeClaim: Get "https://localhost:6443/api/v1/persistentvolumeclaims?limit=500&resourceVersion=0": dial tcp [::1]:6443: connect: connection refused
kube-scheduler-1  | W0822 16:19:02.348212      11 reflector.go:424] vendor/k8s.io/client-go/informers/factory.go:134: failed to list *v1.Node: Get "https://localhost:6443/api/v1/nodes?limit=500&resourceVersion=0": dial tcp [::1]:6443: connect: connection refused
kube-scheduler-1  | E0822 16:19:02.348324      11 reflector.go:140] vendor/k8s.io/client-go/informers/factory.go:134: Failed to watch *v1.Node: failed to list *v1.Node: Get "https://localhost:6443/api/v1/nodes?limit=500&resourceVersion=0": dial tcp [::1]:6443: connect: connection refused
kube-scheduler-1  | W0822 16:19:02.502712      11 reflector.go:424] vendor/k8s.io/client-go/informers/factory.go:134: failed to list *v1.StatefulSet: Get "https://localhost:6443/apis/apps/v1/statefulsets?limit=500&resourceVersion=0": dial tcp [::1]:6443: connect: connection refused
kube-scheduler-1  | E0822 16:19:02.502826      11 reflector.go:140] vendor/k8s.io/client-go/informers/factory.go:134: Failed to watch *v1.StatefulSet: failed to list *v1.StatefulSet: Get "https://localhost:6443/apis/apps/v1/statefulsets?limit=500&resourceVersion=0": dial tcp [::1]:6443: connect: connection refused
kube-scheduler-1  | W0822 16:19:02.798758      11 reflector.go:424] vendor/k8s.io/client-go/informers/factory.go:134: failed to list *v1.PersistentVolume: Get "https://localhost:6443/api/v1/persistentvolumes?limit=500&resourceVersion=0": dial tcp [::1]:6443: connect: connection refused
kube-scheduler-1  | E0822 16:19:02.798874      11 reflector.go:140] vendor/k8s.io/client-go/informers/factory.go:134: Failed to watch *v1.PersistentVolume: failed to list *v1.PersistentVolume: Get "https://localhost:6443/api/v1/persistentvolumes?limit=500&resourceVersion=0": dial tcp [::1]:6443: connect: connection refused
kube-scheduler-1  | W0822 16:19:02.910344      11 reflector.go:424] vendor/k8s.io/client-go/informers/factory.go:134: failed to list *v1.CSIStorageCapacity: Get "https://localhost:6443/apis/storage.k8s.io/v1/csistoragecapacities?limit=500&resourceVersion=0": dial tcp [::1]:6443: connect: connection refused
kube-scheduler-1  | E0822 16:19:02.910459      11 reflector.go:140] vendor/k8s.io/client-go/informers/factory.go:134: Failed to watch *v1.CSIStorageCapacity: failed to list *v1.CSIStorageCapacity: Get "https://localhost:6443/apis/storage.k8s.io/v1/csistoragecapacities?limit=500&resourceVersion=0": dial tcp [::1]:6443: connect: connection refused
kube-scheduler-1  | W0822 16:19:03.196409      11 reflector.go:424] vendor/k8s.io/client-go/informers/factory.go:134: failed to list *v1.Service: Get "https://localhost:6443/api/v1/services?limit=500&resourceVersion=0": dial tcp [::1]:6443: connect: connection refused
kube-scheduler-1  | E0822 16:19:03.196461      11 reflector.go:140] vendor/k8s.io/client-go/informers/factory.go:134: Failed to watch *v1.Service: failed to list *v1.Service: Get "https://localhost:6443/api/v1/services?limit=500&resourceVersion=0": dial tcp [::1]:6443: connect: connection refused
kube-scheduler-1  | W0822 16:19:03.203205      11 reflector.go:424] vendor/k8s.io/client-go/informers/factory.go:134: failed to list *v1.CSINode: Get "https://localhost:6443/apis/storage.k8s.io/v1/csinodes?limit=500&resourceVersion=0": dial tcp [::1]:6443: connect: connection refused
kube-scheduler-1  | E0822 16:19:03.203231      11 reflector.go:140] vendor/k8s.io/client-go/informers/factory.go:134: Failed to watch *v1.CSINode: failed to list *v1.CSINode: Get "https://localhost:6443/apis/storage.k8s.io/v1/csinodes?limit=500&resourceVersion=0": dial tcp [::1]:6443: connect: connection refused
kube-scheduler-1  | W0822 16:19:03.340765      11 reflector.go:424] vendor/k8s.io/client-go/informers/factory.go:134: failed to list *v1.Pod: Get "https://localhost:6443/api/v1/pods?fieldSelector=status.phase%21%3DSucceeded%2Cstatus.phase%21%3DFailed&limit=500&resourceVersion=0": dial tcp [::1]:6443: connect: connection refused
kube-scheduler-1  | E0822 16:19:03.340881      11 reflector.go:140] vendor/k8s.io/client-go/informers/factory.go:134: Failed to watch *v1.Pod: failed to list *v1.Pod: Get "https://localhost:6443/api/v1/pods?fieldSelector=status.phase%21%3DSucceeded%2Cstatus.phase%21%3DFailed&limit=500&resourceVersion=0": dial tcp [::1]:6443: connect: connection refused
kube-scheduler-1  | W0822 16:19:03.399329      11 reflector.go:424] vendor/k8s.io/client-go/informers/factory.go:134: failed to list *v1.CSIDriver: Get "https://localhost:6443/apis/storage.k8s.io/v1/csidrivers?limit=500&resourceVersion=0": dial tcp [::1]:6443: connect: connection refused
kube-scheduler-1  | E0822 16:19:03.399474      11 reflector.go:140] vendor/k8s.io/client-go/informers/factory.go:134: Failed to watch *v1.CSIDriver: failed to list *v1.CSIDriver: Get "https://localhost:6443/apis/storage.k8s.io/v1/csidrivers?limit=500&resourceVersion=0": dial tcp [::1]:6443: connect: connection refused
kube-scheduler-1  | W0822 16:19:03.563614      11 reflector.go:424] vendor/k8s.io/client-go/informers/factory.go:134: failed to list *v1.StorageClass: Get "https://localhost:6443/apis/storage.k8s.io/v1/storageclasses?limit=500&resourceVersion=0": dial tcp [::1]:6443: connect: connection refused
kube-scheduler-1  | E0822 16:19:03.563768      11 reflector.go:140] vendor/k8s.io/client-go/informers/factory.go:134: Failed to watch *v1.StorageClass: failed to list *v1.StorageClass: Get "https://localhost:6443/apis/storage.k8s.io/v1/storageclasses?limit=500&resourceVersion=0": dial tcp [::1]:6443: connect: connection refused
kube-scheduler-1  | W0822 16:19:03.820871      11 reflector.go:424] vendor/k8s.io/client-go/informers/factory.go:134: failed to list *v1.Namespace: Get "https://localhost:6443/api/v1/namespaces?limit=500&resourceVersion=0": dial tcp [::1]:6443: connect: connection refused
kube-scheduler-1  | E0822 16:19:03.821020      11 reflector.go:140] vendor/k8s.io/client-go/informers/factory.go:134: Failed to watch *v1.Namespace: failed to list *v1.Namespace: Get "https://localhost:6443/api/v1/namespaces?limit=500&resourceVersion=0": dial tcp [::1]:6443: connect: connection refused
kube-scheduler-1  | W0822 16:19:04.701108      11 reflector.go:424] vendor/k8s.io/client-go/informers/factory.go:134: failed to list *v1.PodDisruptionBudget: Get "https://localhost:6443/apis/policy/v1/poddisruptionbudgets?limit=500&resourceVersion=0": dial tcp [::1]:6443: connect: connection refused
kube-scheduler-1  | E0822 16:19:04.701217      11 reflector.go:140] vendor/k8s.io/client-go/informers/factory.go:134: Failed to watch *v1.PodDisruptionBudget: failed to list *v1.PodDisruptionBudget: Get "https://localhost:6443/apis/policy/v1/poddisruptionbudgets?limit=500&resourceVersion=0": dial tcp [::1]:6443: connect: connection refused
kube-scheduler-1  | W0822 16:19:04.733658      11 reflector.go:424] vendor/k8s.io/client-go/informers/factory.go:134: failed to list *v1.ReplicationController: Get "https://localhost:6443/api/v1/replicationcontrollers?limit=500&resourceVersion=0": dial tcp [::1]:6443: connect: connection refused
kube-scheduler-1  | E0822 16:19:04.733773      11 reflector.go:140] vendor/k8s.io/client-go/informers/factory.go:134: Failed to watch *v1.ReplicationController: failed to list *v1.ReplicationController: Get "https://localhost:6443/api/v1/replicationcontrollers?limit=500&resourceVersion=0": dial tcp [::1]:6443: connect: connection refused
kube-scheduler-1  | W0822 16:19:05.396378      11 reflector.go:424] vendor/k8s.io/client-go/informers/factory.go:134: failed to list *v1.ReplicaSet: Get "https://localhost:6443/apis/apps/v1/replicasets?limit=500&resourceVersion=0": dial tcp [::1]:6443: connect: connection refused
kube-scheduler-1  | E0822 16:19:05.396510      11 reflector.go:140] vendor/k8s.io/client-go/informers/factory.go:134: Failed to watch *v1.ReplicaSet: failed to list *v1.ReplicaSet: Get "https://localhost:6443/apis/apps/v1/replicasets?limit=500&resourceVersion=0": dial tcp [::1]:6443: connect: connection refused
